{"/home/gaborg/projects/jsts/cf8/src/main/SystemConfig.ts": {"path":"/home/gaborg/projects/jsts/cf8/src/main/SystemConfig.ts","statementMap":{"0":{"start":{"line":1,"column":0},"end":{"line":1,"column":25}},"1":{"start":{"line":2,"column":0},"end":{"line":2,"column":29}},"2":{"start":{"line":3,"column":0},"end":{"line":3,"column":52}},"3":{"start":{"line":4,"column":0},"end":{"line":4,"column":50}},"4":{"start":{"line":16,"column":4},"end":{"line":16,"column":12}},"5":{"start":{"line":17,"column":4},"end":{"line":17,"column":19}},"6":{"start":{"line":18,"column":4},"end":{"line":18,"column":31}},"7":{"start":{"line":22,"column":4},"end":{"line":22,"column":46}},"8":{"start":{"line":22,"column":24},"end":{"line":22,"column":46}},"9":{"start":{"line":23,"column":16},"end":{"line":23,"column":37}},"10":{"start":{"line":24,"column":25},"end":{"line":24,"column":51}},"11":{"start":{"line":25,"column":4},"end":{"line":27,"column":5}},"12":{"start":{"line":26,"column":6},"end":{"line":26,"column":78}},"13":{"start":{"line":29,"column":21},"end":{"line":29,"column":58}},"14":{"start":{"line":30,"column":4},"end":{"line":30,"column":53}},"15":{"start":{"line":31,"column":4},"end":{"line":31,"column":26}},"16":{"start":{"line":36,"column":4},"end":{"line":36,"column":41}},"17":{"start":{"line":41,"column":4},"end":{"line":41,"column":20}},"18":{"start":{"line":46,"column":14},"end":{"line":46,"column":55}},"19":{"start":{"line":47,"column":4},"end":{"line":47,"column":61}},"20":{"start":{"line":52,"column":4},"end":{"line":52,"column":26}},"21":{"start":{"line":10,"column":0},"end":{"line":10,"column":13}},"22":{"start":{"line":11,"column":17},"end":{"line":11,"column":55}}},"fnMap":{"0":{"name":"(anonymous_1)","decl":{"start":{"line":15,"column":2},"end":{"line":15,"column":22}},"loc":{"start":{"line":15,"column":49},"end":{"line":19,"column":3}}},"1":{"name":"(anonymous_2)","decl":{"start":{"line":21,"column":2},"end":{"line":21,"column":8}},"loc":{"start":{"line":21,"column":13},"end":{"line":32,"column":3}}},"2":{"name":"(anonymous_3)","decl":{"start":{"line":35,"column":2},"end":{"line":35,"column":8}},"loc":{"start":{"line":35,"column":17},"end":{"line":37,"column":3}}},"3":{"name":"(anonymous_4)","decl":{"start":{"line":40,"column":2},"end":{"line":40,"column":6}},"loc":{"start":{"line":40,"column":6},"end":{"line":42,"column":3}}},"4":{"name":"(anonymous_5)","decl":{"start":{"line":45,"column":2},"end":{"line":45,"column":5}},"loc":{"start":{"line":45,"column":48},"end":{"line":48,"column":3}}},"5":{"name":"(anonymous_6)","decl":{"start":{"line":51,"column":2},"end":{"line":51,"column":14}},"loc":{"start":{"line":51,"column":14},"end":{"line":53,"column":3}}}},"branchMap":{"0":{"loc":{"start":{"line":22,"column":4},"end":{"line":22,"column":46}},"type":"if","locations":[{"start":{"line":22,"column":4},"end":{"line":22,"column":46}},{"start":{},"end":{}}]},"1":{"loc":{"start":{"line":25,"column":4},"end":{"line":27,"column":5}},"type":"if","locations":[{"start":{"line":25,"column":4},"end":{"line":27,"column":5}},{"start":{},"end":{}}]},"2":{"loc":{"start":{"line":29,"column":21},"end":{"line":29,"column":58}},"type":"binary-expr","locations":[{"start":{"line":29,"column":21},"end":{"line":29,"column":52}},{"start":{"line":29,"column":56},"end":{"line":29,"column":58}}]},"3":{"loc":{"start":{"line":36,"column":11},"end":{"line":36,"column":40}},"type":"binary-expr","locations":[{"start":{"line":36,"column":11},"end":{"line":36,"column":25}},{"start":{"line":36,"column":29},"end":{"line":36,"column":40}}]},"4":{"loc":{"start":{"line":47,"column":12},"end":{"line":47,"column":42}},"type":"cond-expr","locations":[{"start":{"line":47,"column":30},"end":{"line":47,"column":38}},{"start":{"line":47,"column":41},"end":{"line":47,"column":42}}]}},"s":{"0":1,"1":1,"2":1,"3":1,"4":1,"5":1,"6":1,"7":1,"8":0,"9":1,"10":1,"11":1,"12":0,"13":1,"14":1,"15":1,"16":0,"17":0,"18":3,"19":3,"20":0,"21":1,"22":1},"f":{"0":1,"1":1,"2":0,"3":0,"4":3,"5":0},"b":{"0":[0,1],"1":[0,1],"2":[1,0],"3":[0,0],"4":[1,2]}}
,"/home/gaborg/projects/jsts/cf8/src/main/configPaths.ts": {"path":"/home/gaborg/projects/jsts/cf8/src/main/configPaths.ts","statementMap":{"0":{"start":{"line":5,"column":0},"end":{"line":5,"column":16}},"1":{"start":{"line":15,"column":0},"end":{"line":15,"column":16}},"2":{"start":{"line":25,"column":0},"end":{"line":25,"column":16}},"3":{"start":{"line":1,"column":0},"end":{"line":1,"column":31}},"4":{"start":{"line":2,"column":0},"end":{"line":2,"column":29}},"5":{"start":{"line":3,"column":0},"end":{"line":3,"column":25}},"6":{"start":{"line":8,"column":2},"end":{"line":10,"column":3}},"7":{"start":{"line":9,"column":4},"end":{"line":9,"column":54}},"8":{"start":{"line":12,"column":2},"end":{"line":12,"column":56}},"9":{"start":{"line":17,"column":15},"end":{"line":17,"column":64}},"10":{"start":{"line":18,"column":2},"end":{"line":18,"column":33}},"11":{"start":{"line":26,"column":17},"end":{"line":26,"column":38}},"12":{"start":{"line":27,"column":17},"end":{"line":27,"column":35}},"13":{"start":{"line":29,"column":2},"end":{"line":31,"column":12}},"14":{"start":{"line":30,"column":4},"end":{"line":30,"column":46}},"15":{"start":{"line":33,"column":14},"end":{"line":33,"column":44}},"16":{"start":{"line":34,"column":14},"end":{"line":34,"column":46}},"17":{"start":{"line":36,"column":2},"end":{"line":38,"column":3}},"18":{"start":{"line":37,"column":4},"end":{"line":37,"column":30}}},"fnMap":{"0":{"name":"getBundledConfigDir","decl":{"start":{"line":5,"column":16},"end":{"line":5,"column":35}},"loc":{"start":{"line":5,"column":35},"end":{"line":13,"column":1}}},"1":{"name":"getUserConfigDir","decl":{"start":{"line":15,"column":16},"end":{"line":15,"column":32}},"loc":{"start":{"line":15,"column":32},"end":{"line":19,"column":1}}},"2":{"name":"ensureUserConfigFromDefaults","decl":{"start":{"line":25,"column":16},"end":{"line":25,"column":44}},"loc":{"start":{"line":25,"column":74},"end":{"line":39,"column":1}}}},"branchMap":{"0":{"loc":{"start":{"line":8,"column":2},"end":{"line":10,"column":3}},"type":"if","locations":[{"start":{"line":8,"column":2},"end":{"line":10,"column":3}},{"start":{},"end":{}}]},"1":{"loc":{"start":{"line":17,"column":15},"end":{"line":17,"column":64}},"type":"binary-expr","locations":[{"start":{"line":17,"column":15},"end":{"line":17,"column":31}},{"start":{"line":17,"column":35},"end":{"line":17,"column":58}},{"start":{"line":17,"column":62},"end":{"line":17,"column":64}}]},"2":{"loc":{"start":{"line":25,"column":45},"end":{"line":25,"column":74}},"type":"default-arg","locations":[{"start":{"line":25,"column":59},"end":{"line":25,"column":74}}]},"3":{"loc":{"start":{"line":36,"column":2},"end":{"line":38,"column":3}},"type":"if","locations":[{"start":{"line":36,"column":2},"end":{"line":38,"column":3}},{"start":{},"end":{}}]},"4":{"loc":{"start":{"line":36,"column":6},"end":{"line":36,"column":47}},"type":"binary-expr","locations":[{"start":{"line":36,"column":6},"end":{"line":36,"column":25}},{"start":{"line":36,"column":29},"end":{"line":36,"column":47}}]}},"s":{"0":1,"1":1,"2":1,"3":1,"4":1,"5":1,"6":1,"7":0,"8":1,"9":0,"10":0,"11":0,"12":0,"13":0,"14":0,"15":0,"16":0,"17":0,"18":0},"f":{"0":1,"1":0,"2":0},"b":{"0":[0,1],"1":[0,0,0],"2":[0],"3":[0,0],"4":[0,0]}}
,"/home/gaborg/projects/jsts/cf8/src/shared/ConfigBase.ts": {"path":"/home/gaborg/projects/jsts/cf8/src/shared/ConfigBase.ts","statementMap":{"0":{"start":{"line":1,"column":0},"end":{"line":1,"column":20}},"1":{"start":{"line":5,"column":8},"end":{"line":10,"column":9}},"2":{"start":{"line":6,"column":24},"end":{"line":6,"column":58}},"3":{"start":{"line":7,"column":12},"end":{"line":7,"column":35}},"4":{"start":{"line":9,"column":12},"end":{"line":9,"column":29}},"5":{"start":{"line":13,"column":8},"end":{"line":13,"column":53}},"6":{"start":{"line":13,"column":42},"end":{"line":13,"column":53}},"7":{"start":{"line":14,"column":23},"end":{"line":14,"column":45}},"8":{"start":{"line":15,"column":22},"end":{"line":15,"column":55}},"9":{"start":{"line":16,"column":27},"end":{"line":16,"column":30}},"10":{"start":{"line":17,"column":8},"end":{"line":22,"column":9}},"11":{"start":{"line":18,"column":12},"end":{"line":18,"column":51}},"12":{"start":{"line":18,"column":34},"end":{"line":18,"column":51}},"13":{"start":{"line":19,"column":24},"end":{"line":19,"column":73}},"14":{"start":{"line":20,"column":12},"end":{"line":20,"column":62}},"15":{"start":{"line":20,"column":45},"end":{"line":20,"column":62}},"16":{"start":{"line":21,"column":12},"end":{"line":21,"column":44}},"17":{"start":{"line":23,"column":8},"end":{"line":23,"column":23}},"18":{"start":{"line":3,"column":0},"end":{"line":3,"column":22}}},"fnMap":{"0":{"name":"(anonymous_1)","decl":{"start":{"line":4,"column":14},"end":{"line":4,"column":20}},"loc":{"start":{"line":4,"column":50},"end":{"line":11,"column":5}}},"1":{"name":"(anonymous_2)","decl":{"start":{"line":12,"column":14},"end":{"line":12,"column":20}},"loc":{"start":{"line":12,"column":53},"end":{"line":24,"column":5}}}},"branchMap":{"0":{"loc":{"start":{"line":13,"column":8},"end":{"line":13,"column":53}},"type":"if","locations":[{"start":{"line":13,"column":8},"end":{"line":13,"column":53}},{"start":{},"end":{}}]},"1":{"loc":{"start":{"line":13,"column":12},"end":{"line":13,"column":40}},"type":"binary-expr","locations":[{"start":{"line":13,"column":12},"end":{"line":13,"column":24}},{"start":{"line":13,"column":28},"end":{"line":13,"column":40}}]},"2":{"loc":{"start":{"line":18,"column":12},"end":{"line":18,"column":51}},"type":"if","locations":[{"start":{"line":18,"column":12},"end":{"line":18,"column":51}},{"start":{},"end":{}}]},"3":{"loc":{"start":{"line":19,"column":24},"end":{"line":19,"column":73}},"type":"cond-expr","locations":[{"start":{"line":19,"column":48},"end":{"line":19,"column":63}},{"start":{"line":19,"column":66},"end":{"line":19,"column":73}}]},"4":{"loc":{"start":{"line":20,"column":12},"end":{"line":20,"column":62}},"type":"if","locations":[{"start":{"line":20,"column":12},"end":{"line":20,"column":62}},{"start":{},"end":{}}]}},"s":{"0":1,"1":1,"2":1,"3":1,"4":0,"5":3,"6":0,"7":3,"8":3,"9":3,"10":3,"11":5,"12":0,"13":5,"14":5,"15":0,"16":5,"17":3,"18":1},"f":{"0":1,"1":3},"b":{"0":[0,3],"1":[3,3],"2":[0,5],"3":[0,5],"4":[0,5]}}
}
