TN:
SF:src/main/SystemConfig.ts
FN:15,(anonymous_1)
FN:21,(anonymous_2)
FN:35,(anonymous_3)
FN:40,(anonymous_4)
FN:45,(anonymous_5)
FN:51,(anonymous_6)
FNF:6
FNH:3
FNDA:1,(anonymous_1)
FNDA:1,(anonymous_2)
FNDA:0,(anonymous_3)
FNDA:0,(anonymous_4)
FNDA:3,(anonymous_5)
FNDA:0,(anonymous_6)
DA:1,1
DA:2,1
DA:3,1
DA:4,1
DA:10,1
DA:11,1
DA:16,1
DA:17,1
DA:18,1
DA:22,1
DA:23,1
DA:24,1
DA:25,1
DA:26,0
DA:29,1
DA:30,1
DA:31,1
DA:36,0
DA:41,0
DA:46,3
DA:47,3
DA:52,0
LF:22
LH:18
BRDA:22,0,0,0
BRDA:22,0,1,1
BRDA:25,1,0,0
BRDA:25,1,1,1
BRDA:29,2,0,1
BRDA:29,2,1,0
BRDA:36,3,0,0
BRDA:36,3,1,0
BRDA:47,4,0,1
BRDA:47,4,1,2
BRF:10
BRH:5
end_of_record
TN:
SF:src/main/configPaths.ts
FN:5,getBundledConfigDir
FN:15,getUserConfigDir
FN:25,ensureUserConfigFromDefaults
FNF:3
FNH:1
FNDA:1,getBundledConfigDir
FNDA:0,getUserConfigDir
FNDA:0,ensureUserConfigFromDefaults
DA:1,1
DA:2,1
DA:3,1
DA:5,1
DA:8,1
DA:9,0
DA:12,1
DA:15,1
DA:17,0
DA:18,0
DA:25,1
DA:26,0
DA:27,0
DA:29,0
DA:30,0
DA:33,0
DA:34,0
DA:36,0
DA:37,0
LF:19
LH:8
BRDA:8,0,0,0
BRDA:8,0,1,1
BRDA:17,1,0,0
BRDA:17,1,1,0
BRDA:17,1,2,0
BRDA:25,2,0,0
BRDA:36,3,0,0
BRDA:36,3,1,0
BRDA:36,4,0,0
BRDA:36,4,1,0
BRF:10
BRH:1
end_of_record
TN:
SF:src/shared/ConfigBase.ts
FN:4,(anonymous_1)
FN:12,(anonymous_2)
FNF:2
FNH:2
FNDA:1,(anonymous_1)
FNDA:3,(anonymous_2)
DA:1,1
DA:3,1
DA:5,1
DA:6,1
DA:7,1
DA:9,0
DA:13,3
DA:14,3
DA:15,3
DA:16,3
DA:17,3
DA:18,5
DA:19,5
DA:20,5
DA:21,5
DA:23,3
LF:16
LH:15
BRDA:13,0,0,0
BRDA:13,0,1,3
BRDA:13,1,0,3
BRDA:13,1,1,3
BRDA:18,2,0,0
BRDA:18,2,1,5
BRDA:19,3,0,0
BRDA:19,3,1,5
BRDA:20,4,0,0
BRDA:20,4,1,5
BRF:10
BRH:6
end_of_record
